big endian:
calc begin:
ba: 67452301
bb: efcdab89
bc: 98badcfe
bd: 10325476
big endian, swap buffer
calc buffer, u8:
80 63 62 61 00 00 00 00 00 00 00 00 00 00 00 00
00 00 00 00 00 00 00 00 00 00 00 00 00 00 00 00
00 00 00 00 00 00 00 00 00 00 00 00 00 00 00 00
00 00 00 00 00 00 00 00 00 00 00 18 00 00 00 00
calc buffer, u32:
80636261 00000000 00000000 00000000
00000000 00000000 00000000 00000000
00000000 00000000 00000000 00000000
00000000 00000000 00000018 00000000
calc end:
ea: 12bc25a3
eb: 630a7626
ec: 4f4fe461
ed: 8d405204
dig u8:
7a 01 48 a4
52 d8 21 af
e8 0a c1 5f
9d 72 a6 7a
dig u32:
7a0148a4 52d821af e80ac15f 9d72a67a
7a0148a452d821afe80ac15f9d72a67a << Not equal >> a448017aaf21d8525fc10ae87aa6729d

little endian:
calc begin:
ba: 67452301
bb: efcdab89
bc: 98badcfe
bd: 10325476
calc buffer, u8:
61 62 63 80 00 00 00 00 00 00 00 00 00 00 00 00
00 00 00 00 00 00 00 00 00 00 00 00 00 00 00 00
00 00 00 00 00 00 00 00 00 00 00 00 00 00 00 00
00 00 00 00 00 00 00 00 18 00 00 00 00 00 00 00
calc buffer, u32:
80636261 00000000 00000000 00000000
00000000 00000000 00000000 00000000
00000000 00000000 00000000 00000000
00000000 00000000 00000018 00000000
calc end:
ea: 12bc25a3
eb: 630a7626
ec: 4f4fe461
ed: 8d405204
dig u8:
a4 48 01 7a
af 21 d8 52
5f c1 0a e8
7a a6 72 9d
dig u32:
7a0148a4 52d821af e80ac15f 9d72a67a
a448017aaf21d8525fc10ae87aa6729d << equal >> a448017aaf21d8525fc10ae87aa6729d